[INFO] Scanning for projects...
[INFO] 
[INFO] ---------------------< com.eidcricketfest:backend >---------------------
[INFO] Building backend 0.0.1-SNAPSHOT
[INFO]   from pom.xml
[INFO] --------------------------------[ jar ]---------------------------------
[INFO] 
[INFO] --- clean:3.3.2:clean (default-clean) @ backend ---
[INFO] Deleting /Users/rifatahasan/EidCricketFest/backend/target
[INFO] 
[INFO] >>> spring-boot:3.2.3:run (default-cli) > test-compile @ backend >>>
[INFO] 
[INFO] --- resources:3.3.1:resources (default-resources) @ backend ---
[INFO] Copying 1 resource from src/main/resources to target/classes
[INFO] Copying 1 resource from src/main/resources to target/classes
[INFO] 
[INFO] --- compiler:3.11.0:compile (default-compile) @ backend ---
[INFO] Changes detected - recompiling the module! :source
[INFO] Compiling 30 source files with javac [debug release 17] to target/classes
WARNING: A terminally deprecated method in sun.misc.Unsafe has been called
WARNING: sun.misc.Unsafe::objectFieldOffset has been called by lombok.permit.Permit
WARNING: Please consider reporting this to the maintainers of class lombok.permit.Permit
WARNING: sun.misc.Unsafe::objectFieldOffset will be removed in a future release
[WARNING] /Users/rifatahasan/EidCricketFest/backend/src/main/java/com/eidcricketfest/config/SecurityConfig.java:[31,9] csrf() in org.springframework.security.config.annotation.web.builders.HttpSecurity has been deprecated and marked for removal
[WARNING] /Users/rifatahasan/EidCricketFest/backend/src/main/java/com/eidcricketfest/config/SecurityConfig.java:[39,9] httpBasic() in org.springframework.security.config.annotation.web.builders.HttpSecurity has been deprecated and marked for removal
[WARNING] /Users/rifatahasan/EidCricketFest/backend/src/main/java/com/eidcricketfest/config/SecurityConfig.java:[39,21] and() in org.springframework.security.config.annotation.SecurityConfigurerAdapter has been deprecated and marked for removal
[WARNING] /Users/rifatahasan/EidCricketFest/backend/src/main/java/com/eidcricketfest/config/SecurityConfig.java:[40,9] cors() in org.springframework.security.config.annotation.web.builders.HttpSecurity has been deprecated and marked for removal
[INFO] 
[INFO] --- resources:3.3.1:testResources (default-testResources) @ backend ---
[INFO] skip non existing resourceDirectory /Users/rifatahasan/EidCricketFest/backend/src/test/resources
[INFO] 
[INFO] --- compiler:3.11.0:testCompile (default-testCompile) @ backend ---
[INFO] No sources to compile
[INFO] 
[INFO] <<< spring-boot:3.2.3:run (default-cli) < test-compile @ backend <<<
[INFO] 
[INFO] 
[INFO] --- spring-boot:3.2.3:run (default-cli) @ backend ---
[INFO] Attaching agents: []

  .   ____          _            __ _ _
 /\\ / ___'_ __ _ _(_)_ __  __ _ \ \ \ \
( ( )\___ | '_ | '_| | '_ \/ _` | \ \ \ \
 \\/  ___)| |_)| | | | | || (_| |  ) ) ) )
  '  |____| .__|_| |_|_| |_\__, | / / / /
 =========|_|==============|___/=/_/_/_/
 :: Spring Boot ::                (v3.2.3)

2026-03-10T00:53:48.052+06:00  INFO 23002 --- [           main] c.e.EidCricketFestApplication            : Starting EidCricketFestApplication using Java 25.0.2 with PID 23002 (/Users/rifatahasan/EidCricketFest/backend/target/classes started by rifatahasan in /Users/rifatahasan/EidCricketFest/backend)
2026-03-10T00:53:48.053+06:00  INFO 23002 --- [           main] c.e.EidCricketFestApplication            : No active profile set, falling back to 1 default profile: "default"
2026-03-10T00:53:48.289+06:00  INFO 23002 --- [           main] .s.d.r.c.RepositoryConfigurationDelegate : Bootstrapping Spring Data JPA repositories in DEFAULT mode.
2026-03-10T00:53:48.312+06:00  INFO 23002 --- [           main] .s.d.r.c.RepositoryConfigurationDelegate : Finished Spring Data repository scanning in 20 ms. Found 7 JPA repository interfaces.
WARNING: A restricted method in java.lang.System has been called
WARNING: java.lang.System::load has been called by org.apache.tomcat.jni.Library in an unnamed module (file:/Users/rifatahasan/.m2/repository/org/apache/tomcat/embed/tomcat-embed-core/10.1.19/tomcat-embed-core-10.1.19.jar)
WARNING: Use --enable-native-access=ALL-UNNAMED to avoid a warning for callers in this module
WARNING: Restricted methods will be blocked in a future release unless native access is enabled

2026-03-10T00:53:48.524+06:00  INFO 23002 --- [           main] o.s.b.w.embedded.tomcat.TomcatWebServer  : Tomcat initialized with port 8080 (http)
2026-03-10T00:53:48.529+06:00  INFO 23002 --- [           main] o.apache.catalina.core.StandardService   : Starting service [Tomcat]
2026-03-10T00:53:48.529+06:00  INFO 23002 --- [           main] o.apache.catalina.core.StandardEngine    : Starting Servlet engine: [Apache Tomcat/10.1.19]
2026-03-10T00:53:48.551+06:00  INFO 23002 --- [           main] o.a.c.c.C.[Tomcat].[localhost].[/]       : Initializing Spring embedded WebApplicationContext
2026-03-10T00:53:48.552+06:00  INFO 23002 --- [           main] w.s.c.ServletWebServerApplicationContext : Root WebApplicationContext: initialization completed in 482 ms
2026-03-10T00:53:48.656+06:00  INFO 23002 --- [           main] o.hibernate.jpa.internal.util.LogHelper  : HHH000204: Processing PersistenceUnitInfo [name: default]
2026-03-10T00:53:48.676+06:00  INFO 23002 --- [           main] org.hibernate.Version                    : HHH000412: Hibernate ORM core version 6.4.4.Final
2026-03-10T00:53:48.686+06:00  INFO 23002 --- [           main] o.h.c.internal.RegionFactoryInitiator    : HHH000026: Second-level cache disabled
2026-03-10T00:53:48.768+06:00  INFO 23002 --- [           main] o.s.o.j.p.SpringPersistenceUnitInfo      : No LoadTimeWeaver setup: ignoring JPA class transformer
2026-03-10T00:53:48.777+06:00  INFO 23002 --- [           main] com.zaxxer.hikari.HikariDataSource       : HikariPool-1 - Starting...
2026-03-10T00:53:48.854+06:00  INFO 23002 --- [           main] com.zaxxer.hikari.pool.HikariPool        : HikariPool-1 - Added connection com.mysql.cj.jdbc.ConnectionImpl@587f4f63
2026-03-10T00:53:48.855+06:00  INFO 23002 --- [           main] com.zaxxer.hikari.HikariDataSource       : HikariPool-1 - Start completed.
2026-03-10T00:53:48.879+06:00  WARN 23002 --- [           main] org.hibernate.orm.deprecation            : HHH90000025: MySQLDialect does not need to be specified explicitly using 'hibernate.dialect' (remove the property setting and it will be selected by default)
2026-03-10T00:53:49.257+06:00  INFO 23002 --- [           main] o.h.e.t.j.p.i.JtaPlatformInitiator       : HHH000489: No JTA platform available (set 'hibernate.transaction.jta.platform' to enable JTA platform integration)
2026-03-10T00:53:49.332+06:00  INFO 23002 --- [           main] j.LocalContainerEntityManagerFactoryBean : Initialized JPA EntityManagerFactory for persistence unit 'default'
2026-03-10T00:53:49.495+06:00  INFO 23002 --- [           main] o.s.d.j.r.query.QueryEnhancerFactory     : Hibernate is in classpath; If applicable, HQL parser will be used.
2026-03-10T00:53:49.755+06:00  WARN 23002 --- [           main] JpaBaseConfiguration$JpaWebConfiguration : spring.jpa.open-in-view is enabled by default. Therefore, database queries may be performed during view rendering. Explicitly configure spring.jpa.open-in-view to disable this warning
2026-03-10T00:53:49.762+06:00  WARN 23002 --- [           main] .s.s.UserDetailsServiceAutoConfiguration : 

Using generated security password: 74d7a1a7-43dd-4593-89da-df4b6bd62880

This generated password is for development use only. Your security configuration must be updated before running your application in production.

2026-03-10T00:53:49.864+06:00  INFO 23002 --- [           main] o.s.s.web.DefaultSecurityFilterChain     : Will secure any request with [org.springframework.security.web.session.DisableEncodeUrlFilter@7d6c4c43, org.springframework.security.web.context.request.async.WebAsyncManagerIntegrationFilter@5cb9ef8a, org.springframework.security.web.context.SecurityContextHolderFilter@138a8c9e, org.springframework.security.web.header.HeaderWriterFilter@1cc771ae, org.springframework.web.filter.CorsFilter@538c823c, org.springframework.security.web.authentication.logout.LogoutFilter@8611b3f, org.springframework.security.web.authentication.www.BasicAuthenticationFilter@c35b83c, org.springframework.security.web.savedrequest.RequestCacheAwareFilter@67710b92, org.springframework.security.web.servletapi.SecurityContextHolderAwareRequestFilter@56e32a23, org.springframework.security.web.authentication.AnonymousAuthenticationFilter@bba6542, org.springframework.security.web.access.ExceptionTranslationFilter@7d59e235, org.springframework.security.web.access.intercept.AuthorizationFilter@768dcd21]
2026-03-10T00:53:49.928+06:00  WARN 23002 --- [           main] ConfigServletWebServerApplicationContext : Exception encountered during context initialization - cancelling refresh attempt: org.springframework.context.ApplicationContextException: Failed to start bean 'webServerStartStop'
2026-03-10T00:53:49.930+06:00  INFO 23002 --- [           main] j.LocalContainerEntityManagerFactoryBean : Closing JPA EntityManagerFactory for persistence unit 'default'
2026-03-10T00:53:49.930+06:00  INFO 23002 --- [           main] com.zaxxer.hikari.HikariDataSource       : HikariPool-1 - Shutdown initiated...
2026-03-10T00:53:49.933+06:00  INFO 23002 --- [           main] com.zaxxer.hikari.HikariDataSource       : HikariPool-1 - Shutdown completed.
2026-03-10T00:53:49.938+06:00  INFO 23002 --- [           main] .s.b.a.l.ConditionEvaluationReportLogger : 

Error starting ApplicationContext. To display the condition evaluation report re-run your application with 'debug' enabled.
2026-03-10T00:53:49.943+06:00 ERROR 23002 --- [           main] o.s.b.d.LoggingFailureAnalysisReporter   : 

***************************
APPLICATION FAILED TO START
***************************

Description:

Web server failed to start. Port 8080 was already in use.

Action:

Identify and stop the process that's listening on port 8080 or configure this application to listen on another port.

[INFO] ------------------------------------------------------------------------
[INFO] BUILD FAILURE
[INFO] ------------------------------------------------------------------------
[INFO] Total time:  4.085 s
[INFO] Finished at: 2026-03-10T00:53:49+06:00
[INFO] ------------------------------------------------------------------------
[ERROR] Failed to execute goal org.springframework.boot:spring-boot-maven-plugin:3.2.3:run (default-cli) on project backend: Process terminated with exit code: 1 -> [Help 1]
[ERROR] 
[ERROR] To see the full stack trace of the errors, re-run Maven with the -e switch.
[ERROR] Re-run Maven using the -X switch to enable full debug logging.
[ERROR] 
[ERROR] For more information about the errors and possible solutions, please read the following articles:
[ERROR] [Help 1] http://cwiki.apache.org/confluence/display/MAVEN/MojoExecutionException
